<?xml version="1.0" encoding="UTF-8"?>
<testsuite name="Test Suite"
           tests="3"
           failures="0"
           errors="0"
           skipped="0"
           time="64.749">
  <properties />
  
  
            <testcase name="aChileanComingToTheUKForWorkAndPlansOnStayingForLongerThanSixMonths" time="22.197" classname="gov.uk.check.visa.testsuite.VisaConfirmationTest" />
                <testcase name="anAustralianComingToUKForTourism" time="21.299" classname="gov.uk.check.visa.testsuite.VisaConfirmationTest" />
                <testcase name="aColumbianNationalComingToTheUKToJoinAPartnerForALongStayTheyDoHaveAnArticle10Or20Card" time="21.253" classname="gov.uk.check.visa.testsuite.VisaConfirmationTest" />
      
</testsuite>
